This is pdfTeX, Version 3.14159265-2.6-1.40.16 (TeX Live 2015/Debian) (preloaded format=pdflatex 2016.6.10)  8 DEC 2016 02:06
entering extended mode
 restricted \write18 enabled.
 %&-line parsing enabled.
**ex3.tex
(./ex3.tex
LaTeX2e <2016/02/01>
Babel <3.9q> and hyphenation patterns for 3 language(s) loaded.
(/usr/share/texlive/texmf-dist/tex/latex/base/article.cls
Document Class: article 2014/09/29 v1.4h Standard LaTeX document class
(/usr/share/texlive/texmf-dist/tex/latex/base/size10.clo
File: size10.clo 2014/09/29 v1.4h Standard LaTeX file (size option)
)
\c@part=\count79
\c@section=\count80
\c@subsection=\count81
\c@subsubsection=\count82
\c@paragraph=\count83
\c@subparagraph=\count84
\c@figure=\count85
\c@table=\count86
\abovecaptionskip=\skip41
\belowcaptionskip=\skip42
\bibindent=\dimen102
)
(/usr/share/texlive/texmf-dist/tex/latex/graphics/graphicx.sty
Package: graphicx 2014/10/28 v1.0g Enhanced LaTeX Graphics (DPC,SPQR)

(/usr/share/texlive/texmf-dist/tex/latex/graphics/keyval.sty
Package: keyval 2014/10/28 v1.15 key=value parser (DPC)
\KV@toks@=\toks14
)
(/usr/share/texlive/texmf-dist/tex/latex/graphics/graphics.sty
Package: graphics 2016/01/03 v1.0q Standard LaTeX Graphics (DPC,SPQR)

(/usr/share/texlive/texmf-dist/tex/latex/graphics/trig.sty
Package: trig 2016/01/03 v1.10 sin cos tan (DPC)
)
(/usr/share/texlive/texmf-dist/tex/latex/latexconfig/graphics.cfg
File: graphics.cfg 2010/04/23 v1.9 graphics configuration of TeX Live
)
Package graphics Info: Driver file: pdftex.def on input line 95.

(/usr/share/texlive/texmf-dist/tex/latex/pdftex-def/pdftex.def
File: pdftex.def 2011/05/27 v0.06d Graphics/color for pdfTeX

(/usr/share/texlive/texmf-dist/tex/generic/oberdiek/infwarerr.sty
Package: infwarerr 2010/04/08 v1.3 Providing info/warning/error messages (HO)
)
(/usr/share/texlive/texmf-dist/tex/generic/oberdiek/ltxcmds.sty
Package: ltxcmds 2011/11/09 v1.22 LaTeX kernel commands for general use (HO)
)
\Gread@gobject=\count87
))
\Gin@req@height=\dimen103
\Gin@req@width=\dimen104
)
(/usr/share/texlive/texmf-dist/tex/latex/oberdiek/epstopdf.sty
Package: epstopdf 2010/02/09 v2.5 Conversion with epstopdf on the fly (HO)

(/usr/share/texlive/texmf-dist/tex/latex/oberdiek/epstopdf-base.sty
Package: epstopdf-base 2010/02/09 v2.5 Base part for package epstopdf

(/usr/share/texlive/texmf-dist/tex/latex/oberdiek/grfext.sty
Package: grfext 2010/08/19 v1.1 Manage graphics extensions (HO)

(/usr/share/texlive/texmf-dist/tex/generic/oberdiek/kvdefinekeys.sty
Package: kvdefinekeys 2011/04/07 v1.3 Define keys (HO)
))
(/usr/share/texlive/texmf-dist/tex/latex/oberdiek/kvoptions.sty
Package: kvoptions 2011/06/30 v3.11 Key value format for package options (HO)

(/usr/share/texlive/texmf-dist/tex/generic/oberdiek/kvsetkeys.sty
Package: kvsetkeys 2012/04/25 v1.16 Key value parser (HO)

(/usr/share/texlive/texmf-dist/tex/generic/oberdiek/etexcmds.sty
Package: etexcmds 2011/02/16 v1.5 Avoid name clashes with e-TeX commands (HO)

(/usr/share/texlive/texmf-dist/tex/generic/oberdiek/ifluatex.sty
Package: ifluatex 2010/03/01 v1.3 Provides the ifluatex switch (HO)
Package ifluatex Info: LuaTeX not detected.
)
Package etexcmds Info: Could not find \expanded.
(etexcmds)             That can mean that you are not using pdfTeX 1.50 or
(etexcmds)             that some package has redefined \expanded.
(etexcmds)             In the latter case, load this package earlier.
)))
(/usr/share/texlive/texmf-dist/tex/generic/oberdiek/pdftexcmds.sty
Package: pdftexcmds 2011/11/29 v0.20 Utility functions of pdfTeX for LuaTeX (HO
)

(/usr/share/texlive/texmf-dist/tex/generic/oberdiek/ifpdf.sty
Package: ifpdf 2011/01/30 v2.3 Provides the ifpdf switch (HO)
Package ifpdf Info: pdfTeX in PDF mode is detected.
)
Package pdftexcmds Info: LuaTeX not detected.
Package pdftexcmds Info: \pdf@primitive is available.
Package pdftexcmds Info: \pdf@ifprimitive is available.
Package pdftexcmds Info: \pdfdraftmode found.
)
Package grfext Info: Graphics extension search list:
(grfext)             [.png,.pdf,.jpg,.mps,.jpeg,.jbig2,.jb2,.PNG,.PDF,.JPG,.JPE
G,.JBIG2,.JB2,.eps]
(grfext)             \AppendGraphicsExtensions on input line 452.

(/usr/share/texlive/texmf-dist/tex/latex/latexconfig/epstopdf-sys.cfg
File: epstopdf-sys.cfg 2010/07/13 v1.3 Configuration of (r)epstopdf for TeX Liv
e
)))
(./ex3.aux)
\openout1 = `ex3.aux'.

LaTeX Font Info:    Checking defaults for OML/cmm/m/it on input line 11.
LaTeX Font Info:    ... okay on input line 11.
LaTeX Font Info:    Checking defaults for T1/cmr/m/n on input line 11.
LaTeX Font Info:    ... okay on input line 11.
LaTeX Font Info:    Checking defaults for OT1/cmr/m/n on input line 11.
LaTeX Font Info:    ... okay on input line 11.
LaTeX Font Info:    Checking defaults for OMS/cmsy/m/n on input line 11.
LaTeX Font Info:    ... okay on input line 11.
LaTeX Font Info:    Checking defaults for OMX/cmex/m/n on input line 11.
LaTeX Font Info:    ... okay on input line 11.
LaTeX Font Info:    Checking defaults for U/cmr/m/n on input line 11.
LaTeX Font Info:    ... okay on input line 11.
 (/usr/share/texlive/texmf-dist/tex/context/base/supp-pdf.mkii
[Loading MPS to PDF converter (version 2006.09.02).]
\scratchcounter=\count88
\scratchdimen=\dimen105
\scratchbox=\box26
\nofMPsegments=\count89
\nofMParguments=\count90
\everyMPshowfont=\toks15
\MPscratchCnt=\count91
\MPscratchDim=\dimen106
\MPnumerator=\count92
\makeMPintoPDFobject=\count93
\everyMPtoPDFconversion=\toks16
)
LaTeX Font Info:    External font `cmex10' loaded for size
(Font)              <12> on input line 12.
LaTeX Font Info:    External font `cmex10' loaded for size
(Font)              <8> on input line 12.
LaTeX Font Info:    External font `cmex10' loaded for size
(Font)              <6> on input line 12.


LaTeX Warning: No \author given.

Package epstopdf Info: Source file: <figures/sc1_tr_loss.eps>
(epstopdf)                    date: 2016-12-08 00:21:27
(epstopdf)                    size: 37569 bytes
(epstopdf)             Output file: <figures/sc1_tr_loss-eps-converted-to.pdf>
(epstopdf)                    date: 2016-12-08 00:21:27
(epstopdf)                    size: 11961 bytes
(epstopdf)             Command: <repstopdf --outfile=figures/sc1_tr_loss-eps-co
nverted-to.pdf figures/sc1_tr_loss.eps>
(epstopdf)             \includegraphics on input line 17.
Package epstopdf Info: Output file is already uptodate.
<figures/sc1_tr_loss-eps-converted-to.pdf, id=1, 1249.66875pt x 875.27pt>
File: figures/sc1_tr_loss-eps-converted-to.pdf Graphic file (type pdf)

<use figures/sc1_tr_loss-eps-converted-to.pdf>
Package pdftex.def Info: figures/sc1_tr_loss-eps-converted-to.pdf used on input
 line 17.
(pdftex.def)             Requested size: 345.0pt x 241.6282pt.
Package epstopdf Info: Source file: <figures/sc1_val_loss.eps>
(epstopdf)                    date: 2016-12-08 00:21:27
(epstopdf)                    size: 38068 bytes
(epstopdf)             Output file: <figures/sc1_val_loss-eps-converted-to.pdf>

(epstopdf)                    date: 2016-12-08 00:21:27
(epstopdf)                    size: 11887 bytes
(epstopdf)             Command: <repstopdf --outfile=figures/sc1_val_loss-eps-c
onverted-to.pdf figures/sc1_val_loss.eps>
(epstopdf)             \includegraphics on input line 22.
Package epstopdf Info: Output file is already uptodate.

<figures/sc1_val_loss-eps-converted-to.pdf, id=2, 1875.005pt x 1046.91125pt>
File: figures/sc1_val_loss-eps-converted-to.pdf Graphic file (type pdf)

<use figures/sc1_val_loss-eps-converted-to.pdf>
Package pdftex.def Info: figures/sc1_val_loss-eps-converted-to.pdf used on inpu
t line 22.
(pdftex.def)             Requested size: 345.0pt x 192.62123pt.
Package epstopdf Info: Source file: <figures/sc1_val_err.eps>
(epstopdf)                    date: 2016-12-08 00:21:27
(epstopdf)                    size: 39418 bytes
(epstopdf)             Output file: <figures/sc1_val_err-eps-converted-to.pdf>
(epstopdf)                    date: 2016-12-08 00:21:27
(epstopdf)                    size: 11018 bytes
(epstopdf)             Command: <repstopdf --outfile=figures/sc1_val_err-eps-co
nverted-to.pdf figures/sc1_val_err.eps>
(epstopdf)             \includegraphics on input line 27.
Package epstopdf Info: Output file is already uptodate.

<figures/sc1_val_err-eps-converted-to.pdf, id=3, 1875.005pt x 1046.91125pt>
File: figures/sc1_val_err-eps-converted-to.pdf Graphic file (type pdf)

<use figures/sc1_val_err-eps-converted-to.pdf>
Package pdftex.def Info: figures/sc1_val_err-eps-converted-to.pdf used on input
 line 27.
(pdftex.def)             Requested size: 345.0pt x 192.62123pt.
LaTeX Font Info:    External font `cmex10' loaded for size
(Font)              <7> on input line 32.
LaTeX Font Info:    External font `cmex10' loaded for size
(Font)              <5> on input line 32.
LaTeX Font Info:    Try loading font information for OMS+cmr on input line 38.

(/usr/share/texlive/texmf-dist/tex/latex/base/omscmr.fd
File: omscmr.fd 2014/09/29 v2.5h Standard LaTeX font definitions
)
LaTeX Font Info:    Font shape `OMS/cmr/m/n' in size <10> not available
(Font)              Font shape `OMS/cmsy/m/n' tried instead on input line 38.
 [1

{/var/lib/texmf/fonts/map/pdftex/updmap/pdftex.map} <./figures/sc1_tr_loss-eps-
converted-to.pdf>]
Package epstopdf Info: Source file: <figures/sc2_tr_loss.eps>
(epstopdf)                    date: 2016-12-08 00:21:27
(epstopdf)                    size: 33395 bytes
(epstopdf)             Output file: <figures/sc2_tr_loss-eps-converted-to.pdf>
(epstopdf)                    date: 2016-12-08 00:21:27
(epstopdf)                    size: 9480 bytes
(epstopdf)             Command: <repstopdf --outfile=figures/sc2_tr_loss-eps-co
nverted-to.pdf figures/sc2_tr_loss.eps>
(epstopdf)             \includegraphics on input line 49.
Package epstopdf Info: Output file is already uptodate.

<figures/sc2_tr_loss-eps-converted-to.pdf, id=21, 547.04375pt x 410.53375pt>
File: figures/sc2_tr_loss-eps-converted-to.pdf Graphic file (type pdf)

<use figures/sc2_tr_loss-eps-converted-to.pdf>
Package pdftex.def Info: figures/sc2_tr_loss-eps-converted-to.pdf used on input
 line 49.
(pdftex.def)             Requested size: 345.0pt x 258.91325pt.
Package epstopdf Info: Source file: <figures/sc2_tr_loss_time.eps>
(epstopdf)                    date: 2016-12-08 00:21:27
(epstopdf)                    size: 36573 bytes
(epstopdf)             Output file: <figures/sc2_tr_loss_time-eps-converted-to.
pdf>
(epstopdf)                    date: 2016-12-08 00:21:27
(epstopdf)                    size: 10703 bytes
(epstopdf)             Command: <repstopdf --outfile=figures/sc2_tr_loss_time-e
ps-converted-to.pdf figures/sc2_tr_loss_time.eps>
(epstopdf)             \includegraphics on input line 54.
Package epstopdf Info: Output file is already uptodate.

<figures/sc2_tr_loss_time-eps-converted-to.pdf, id=22, 1875.005pt x 1046.91125p
t>
File: figures/sc2_tr_loss_time-eps-converted-to.pdf Graphic file (type pdf)
 <use figures/sc2_tr_loss_time-eps-converted-to.pdf>
Package pdftex.def Info: figures/sc2_tr_loss_time-eps-converted-to.pdf used on 
input line 54.
(pdftex.def)             Requested size: 345.0pt x 192.62123pt.
 [2 <./figures/sc1_val_loss-eps-converted-to.pdf> <./figures/sc1_val_err-eps-co
nverted-to.pdf>] [3 <./figures/sc2_tr_loss-eps-converted-to.pdf> <./figures/sc2
_tr_loss_time-eps-converted-to.pdf>]
Package epstopdf Info: Source file: <figures/sc3_tr_loss.eps>
(epstopdf)                    date: 2016-12-08 00:21:27
(epstopdf)                    size: 34157 bytes
(epstopdf)             Output file: <figures/sc3_tr_loss-eps-converted-to.pdf>
(epstopdf)                    date: 2016-12-08 00:21:27
(epstopdf)                    size: 9554 bytes
(epstopdf)             Command: <repstopdf --outfile=figures/sc3_tr_loss-eps-co
nverted-to.pdf figures/sc3_tr_loss.eps>
(epstopdf)             \includegraphics on input line 72.
Package epstopdf Info: Output file is already uptodate.

<figures/sc3_tr_loss-eps-converted-to.pdf, id=49, 1875.005pt x 1046.91125pt>
File: figures/sc3_tr_loss-eps-converted-to.pdf Graphic file (type pdf)

<use figures/sc3_tr_loss-eps-converted-to.pdf>
Package pdftex.def Info: figures/sc3_tr_loss-eps-converted-to.pdf used on input
 line 72.
(pdftex.def)             Requested size: 345.0pt x 192.62123pt.
Package epstopdf Info: Source file: <figures/sc4_tr_loss.eps>
(epstopdf)                    date: 2016-12-08 00:21:27
(epstopdf)                    size: 35578 bytes
(epstopdf)             Output file: <figures/sc4_tr_loss-eps-converted-to.pdf>
(epstopdf)                    date: 2016-12-08 00:44:31
(epstopdf)                    size: 9804 bytes
(epstopdf)             Command: <repstopdf --outfile=figures/sc4_tr_loss-eps-co
nverted-to.pdf figures/sc4_tr_loss.eps>
(epstopdf)             \includegraphics on input line 88.
Package epstopdf Info: Output file is already uptodate.

<figures/sc4_tr_loss-eps-converted-to.pdf, id=50, 547.04375pt x 410.53375pt>
File: figures/sc4_tr_loss-eps-converted-to.pdf Graphic file (type pdf)

<use figures/sc4_tr_loss-eps-converted-to.pdf>
Package pdftex.def Info: figures/sc4_tr_loss-eps-converted-to.pdf used on input
 line 88.
(pdftex.def)             Requested size: 345.0pt x 258.91325pt.
Package epstopdf Info: Source file: <figures/sc4_tr_loss_time.eps>
(epstopdf)                    date: 2016-12-08 00:21:27
(epstopdf)                    size: 40178 bytes
(epstopdf)             Output file: <figures/sc4_tr_loss_time-eps-converted-to.
pdf>
(epstopdf)                    date: 2016-12-08 00:44:32
(epstopdf)                    size: 11099 bytes
(epstopdf)             Command: <repstopdf --outfile=figures/sc4_tr_loss_time-e
ps-converted-to.pdf figures/sc4_tr_loss_time.eps>
(epstopdf)             \includegraphics on input line 93.
Package epstopdf Info: Output file is already uptodate.

<figures/sc4_tr_loss_time-eps-converted-to.pdf, id=51, 547.04375pt x 410.53375p
t>
File: figures/sc4_tr_loss_time-eps-converted-to.pdf Graphic file (type pdf)
 <use figures/sc4_tr_loss_time-eps-converted-to.pdf>
Package pdftex.def Info: figures/sc4_tr_loss_time-eps-converted-to.pdf used on 
input line 93.
(pdftex.def)             Requested size: 345.0pt x 258.91325pt.
Package epstopdf Info: Source file: <figures/sc4_val_err_time.eps>
(epstopdf)                    date: 2016-12-08 00:21:27
(epstopdf)                    size: 35703 bytes
(epstopdf)             Output file: <figures/sc4_val_err_time-eps-converted-to.
pdf>
(epstopdf)                    date: 2016-12-08 00:45:51
(epstopdf)                    size: 10094 bytes
(epstopdf)             Command: <repstopdf --outfile=figures/sc4_val_err_time-e
ps-converted-to.pdf figures/sc4_val_err_time.eps>
(epstopdf)             \includegraphics on input line 98.
Package epstopdf Info: Output file is already uptodate.

<figures/sc4_val_err_time-eps-converted-to.pdf, id=52, 547.04375pt x 410.53375p
t>
File: figures/sc4_val_err_time-eps-converted-to.pdf Graphic file (type pdf)
 <use figures/sc4_val_err_time-eps-converted-to.pdf>
Package pdftex.def Info: figures/sc4_val_err_time-eps-converted-to.pdf used on 
input line 98.
(pdftex.def)             Requested size: 345.0pt x 258.91325pt.
 [4 <./figures/sc3_tr_loss-eps-converted-to.pdf>]

LaTeX Warning: Text page 5 contains only floats.


Overfull \vbox (3.8265pt too high) has occurred while \output is active []


[5 <./figures/sc4_tr_loss-eps-converted-to.pdf> <./figures/sc4_tr_loss_time-eps
-converted-to.pdf>]
Package epstopdf Info: Source file: <figures/sc5.eps>
(epstopdf)                    date: 2016-12-08 01:24:36
(epstopdf)                    size: 30372 bytes
(epstopdf)             Output file: <figures/sc5-eps-converted-to.pdf>
(epstopdf)                    date: 2016-12-08 01:25:08
(epstopdf)                    size: 8636 bytes
(epstopdf)             Command: <repstopdf --outfile=figures/sc5-eps-converted-
to.pdf figures/sc5.eps>
(epstopdf)             \includegraphics on input line 119.
Package epstopdf Info: Output file is already uptodate.

<figures/sc5-eps-converted-to.pdf, id=74, 410.53375pt x 309.155pt>
File: figures/sc5-eps-converted-to.pdf Graphic file (type pdf)

<use figures/sc5-eps-converted-to.pdf>
Package pdftex.def Info: figures/sc5-eps-converted-to.pdf used on input line 11
9.
(pdftex.def)             Requested size: 345.0pt x 259.80164pt.

Underfull \hbox (badness 10000) in paragraph at lines 124--130

 []

[6 <./figures/sc4_val_err_time-eps-converted-to.pdf>] [7 <./figures/sc5-eps-con
verted-to.pdf>] (./ex3.aux) ) 
Here is how much of TeX's memory you used:
 1574 strings out of 494953
 23662 string characters out of 6180977
 76641 words of memory out of 5000000
 4841 multiletter control sequences out of 15000+600000
 7588 words of font info for 27 fonts, out of 8000000 for 9000
 14 hyphenation exceptions out of 8191
 42i,6n,23p,297b,225s stack positions out of 5000i,500n,10000p,200000b,80000s
</usr/share/texlive/texmf-dist/fonts/type1/public/
amsfonts/cm/cmbx10.pfb></usr/share/texlive/texmf-dist/fonts/type1/public/amsfon
ts/cm/cmbx12.pfb></usr/share/texlive/texmf-dist/fonts/type1/public/amsfonts/cm/
cmmi10.pfb></usr/share/texlive/texmf-dist/fonts/type1/public/amsfonts/cm/cmr10.
pfb></usr/share/texlive/texmf-dist/fonts/type1/public/amsfonts/cm/cmr12.pfb></u
sr/share/texlive/texmf-dist/fonts/type1/public/amsfonts/cm/cmr17.pfb></usr/shar
e/texlive/texmf-dist/fonts/type1/public/amsfonts/cm/cmsy10.pfb>
Output written on ex3.pdf (7 pages, 158417 bytes).
PDF statistics:
 116 PDF objects out of 1000 (max. 8388607)
 79 compressed objects within 1 object stream
 0 named destinations out of 1000 (max. 500000)
 51 words of extra memory for PDF output out of 10000 (max. 10000000)

